<?xml version="1.0" encoding="UTF-8"?>
<robot generator="Robot 7.1.1 (Python 3.13.1 on win32)" generated="2024-12-18T18:44:45.576107" rpa="false" schemaversion="5">
<suite id="s1" name="Primeiro Teste" source="D:\workspace\Alura\curso-robot\primeiro_teste.robot">
<test id="s1-t1" name="Abrir navegador e acessar site do organo" line="5">
<kw name="Open Browser" owner="SeleniumLibrary">
<msg time="2024-12-18T18:44:45.791137" level="INFO">Opening browser 'Chrome' to base url 'http://localhost:3000/'.</msg>
<arg>url=http://localhost:3000/</arg>
<arg>browser=Chrome</arg>
<doc>Opens a new browser instance to the optional ``url``.</doc>
<status status="PASS" start="2024-12-18T18:44:45.790898" elapsed="1.865376"/>
</kw>
<status status="PASS" start="2024-12-18T18:44:45.790032" elapsed="1.866717"/>
</test>
<test id="s1-t2" name="Preencher os campos do formulário" line="8">
<kw name="Input Text" owner="SeleniumLibrary">
<msg time="2024-12-18T18:44:47.658957" level="INFO">Typing text 'Akemi' into text field 'id:form-nome'.</msg>
<arg>id:form-nome</arg>
<arg>Akemi</arg>
<doc>Types the given ``text`` into the text field identified by ``locator``.</doc>
<status status="PASS" start="2024-12-18T18:44:47.658422" elapsed="0.076006"/>
</kw>
<kw name="Input Text" owner="SeleniumLibrary">
<msg time="2024-12-18T18:44:47.735293" level="INFO">Typing text 'Desenvolvedora' into text field 'id:form-cargo'.</msg>
<arg>id:form-cargo</arg>
<arg>Desenvolvedora</arg>
<doc>Types the given ``text`` into the text field identified by ``locator``.</doc>
<status status="PASS" start="2024-12-18T18:44:47.735069" elapsed="0.057351"/>
</kw>
<kw name="Input Text" owner="SeleniumLibrary">
<msg time="2024-12-18T18:44:47.792896" level="INFO">Typing text 'https://picsum.photos/200/300' into text field 'id:form-imagem'.</msg>
<arg>id:form-imagem</arg>
<arg>https://picsum.photos/200/300</arg>
<doc>Types the given ``text`` into the text field identified by ``locator``.</doc>
<status status="PASS" start="2024-12-18T18:44:47.792710" elapsed="0.077730"/>
</kw>
<kw name="Click Element" owner="SeleniumLibrary">
<msg time="2024-12-18T18:44:47.870898" level="INFO">Clicking element 'class:lista-suspensa'.</msg>
<arg>class:lista-suspensa</arg>
<doc>Click the element identified by ``locator``.</doc>
<status status="PASS" start="2024-12-18T18:44:47.870717" elapsed="0.052468"/>
</kw>
<kw name="Click Element" owner="SeleniumLibrary">
<msg time="2024-12-18T18:44:47.923745" level="INFO">Clicking element '//option[contains(.,'Programação')]'.</msg>
<arg>//option[contains(.,'Programação')]</arg>
<doc>Click the element identified by ``locator``.</doc>
<status status="PASS" start="2024-12-18T18:44:47.923522" elapsed="0.026015"/>
</kw>
<kw name="Sleep" owner="BuiltIn">
<msg time="2024-12-18T18:44:57.950431" level="INFO">Slept 10 seconds.</msg>
<arg>10s</arg>
<doc>Pauses the test executed for the given time.</doc>
<status status="PASS" start="2024-12-18T18:44:47.949868" elapsed="10.000667"/>
</kw>
<kw name="Click Element" owner="SeleniumLibrary">
<msg time="2024-12-18T18:44:57.950991" level="INFO">Clicking element 'id:form-botao'.</msg>
<arg>id:form-botao</arg>
<doc>Click the element identified by ``locator``.</doc>
<status status="PASS" start="2024-12-18T18:44:57.950819" elapsed="0.045990"/>
</kw>
<kw name="Element Should Be Visible" owner="SeleniumLibrary">
<msg time="2024-12-18T18:44:58.010468" level="INFO">Element 'class:colaborador' is displayed.</msg>
<arg>class:colaborador</arg>
<doc>Verifies that the element identified by ``locator`` is visible.</doc>
<status status="PASS" start="2024-12-18T18:44:57.997152" elapsed="0.013404"/>
</kw>
<kw name="Sleep" owner="BuiltIn">
<msg time="2024-12-18T18:45:03.011535" level="INFO">Slept 5 seconds.</msg>
<arg>5s</arg>
<doc>Pauses the test executed for the given time.</doc>
<status status="PASS" start="2024-12-18T18:44:58.010799" elapsed="5.000841"/>
</kw>
<status status="PASS" start="2024-12-18T18:44:47.657742" elapsed="15.354323"/>
</test>
<status status="PASS" start="2024-12-18T18:44:45.577552" elapsed="17.435141"/>
</suite>
<statistics>
<total>
<stat pass="2" fail="0" skip="0">All Tests</stat>
</total>
<tag>
</tag>
<suite>
<stat pass="2" fail="0" skip="0" id="s1" name="Primeiro Teste">Primeiro Teste</stat>
</suite>
</statistics>
<errors>
</errors>
</robot>
