<?xml version="1.0" encoding="UTF-8"?>
<robot generator="Robot 7.1.1 (Python 3.13.1 on win32)" generated="2025-01-29T18:36:50.459437" rpa="false" schemaversion="5">
<suite id="s1" name="Preenchimento Incorreto" source="D:\workspace\Alura\curso-robot\preenchimento_incorreto.robot">
<test id="s1-t1" name="Verificar se quando um campo obrigatório não for preenchido corretamente o sistema exibe uma mensagem de campo obrigatório" line="11">
<kw name="Dado que eu acesse o Organo" owner="setup_teardown" type="SETUP">
<kw name="Open Browser" owner="SeleniumLibrary">
<msg time="2025-01-29T18:36:50.662715" level="INFO">Opening browser 'Chrome' to base url 'http://localhost:3000/'.</msg>
<arg>url=http://localhost:3000/</arg>
<arg>browser=Chrome</arg>
<doc>Opens a new browser instance to the optional ``url``.</doc>
<status status="PASS" start="2025-01-29T18:36:50.662550" elapsed="1.825636"/>
</kw>
<status status="PASS" start="2025-01-29T18:36:50.662061" elapsed="1.826304"/>
</kw>
<kw name="Dado que eu clique no botão criar card">
<kw name="Click Element" owner="SeleniumLibrary">
<msg time="2025-01-29T18:36:52.489422" level="INFO">Clicking element 'id:form-botao'.</msg>
<arg>${BOTAO_CARD}</arg>
<doc>Click the element identified by ``locator``.</doc>
<status status="PASS" start="2025-01-29T18:36:52.489049" elapsed="0.051829"/>
</kw>
<status status="PASS" start="2025-01-29T18:36:52.488766" elapsed="0.052229"/>
</kw>
<kw name="Então sistema deve apresentar mensagem de campo obrigatório">
<kw name="Element Should Be Visible" owner="SeleniumLibrary">
<msg time="2025-01-29T18:36:52.555099" level="INFO">Element 'id:form-nome-erro' is displayed.</msg>
<arg>id:form-nome-erro</arg>
<doc>Verifies that the element identified by ``locator`` is visible.</doc>
<status status="PASS" start="2025-01-29T18:36:52.541566" elapsed="0.013618"/>
</kw>
<kw name="Element Should Be Visible" owner="SeleniumLibrary">
<msg time="2025-01-29T18:36:52.568927" level="INFO">Element 'id:form-cargo-erro' is displayed.</msg>
<arg>id:form-cargo-erro</arg>
<doc>Verifies that the element identified by ``locator`` is visible.</doc>
<status status="PASS" start="2025-01-29T18:36:52.555333" elapsed="0.013690"/>
</kw>
<kw name="Element Should Be Visible" owner="SeleniumLibrary">
<msg time="2025-01-29T18:36:52.581750" level="INFO">Element 'id:form-times-erro' is displayed.</msg>
<arg>id:form-times-erro</arg>
<doc>Verifies that the element identified by ``locator`` is visible.</doc>
<status status="PASS" start="2025-01-29T18:36:52.569185" elapsed="0.012656"/>
</kw>
<status status="PASS" start="2025-01-29T18:36:52.541307" elapsed="0.040625"/>
</kw>
<kw name="Fechar o navegador" owner="setup_teardown" type="TEARDOWN">
<kw name="Close Browser" owner="SeleniumLibrary">
<doc>Closes the current browser.</doc>
<status status="PASS" start="2025-01-29T18:36:52.582607" elapsed="2.100125"/>
</kw>
<status status="PASS" start="2025-01-29T18:36:52.582343" elapsed="2.100515"/>
</kw>
<status status="PASS" start="2025-01-29T18:36:50.661366" elapsed="4.021666"/>
</test>
<status status="PASS" start="2025-01-29T18:36:50.460800" elapsed="4.222974"/>
</suite>
<statistics>
<total>
<stat pass="1" fail="0" skip="0">All Tests</stat>
</total>
<tag>
</tag>
<suite>
<stat pass="1" fail="0" skip="0" id="s1" name="Preenchimento Incorreto">Preenchimento Incorreto</stat>
</suite>
</statistics>
<errors>
</errors>
</robot>
